2024-11-12 21:22:23 [main] INFO  c.e.employee.EmployeeApplication - Starting EmployeeApplication using Java 21.0.3 with PID 5400 (D:\EmployeeCRUD_operation\employee\build\classes\java\main started by vishal.yadav in D:\EmployeeCRUD_operation\employee)
2024-11-12 21:22:23 [main] INFO  c.e.employee.EmployeeApplication - No active profile set, falling back to 1 default profile: "default"
2024-11-12 21:22:25 [main] INFO  o.s.d.r.c.RepositoryConfigurationDelegate - Multiple Spring Data modules found, entering strict repository configuration mode
2024-11-12 21:22:25 [main] INFO  o.s.d.r.c.RepositoryConfigurationDelegate - Bootstrapping Spring Data JPA repositories in DEFAULT mode.
2024-11-12 21:22:25 [main] INFO  o.s.d.r.c.RepositoryConfigurationDelegate - Finished Spring Data repository scanning in 223 ms. Found 1 JPA repository interface.
2024-11-12 21:22:25 [main] INFO  o.s.d.r.c.RepositoryConfigurationDelegate - Multiple Spring Data modules found, entering strict repository configuration mode
2024-11-12 21:22:25 [main] INFO  o.s.d.r.c.RepositoryConfigurationDelegate - Bootstrapping Spring Data Redis repositories in DEFAULT mode.
2024-11-12 21:22:25 [main] INFO  o.s.d.r.c.RepositoryConfigurationExtensionSupport - Spring Data Redis - Could not safely identify store assignment for repository candidate interface com.example.employee.repositiory.EmployeeRepositiory; If you want this repository to be a Redis repository, consider annotating your entities with one of these annotations: org.springframework.data.redis.core.RedisHash (preferred), or consider extending one of the following types with your repository: org.springframework.data.keyvalue.repository.KeyValueRepository
2024-11-12 21:22:25 [main] INFO  o.s.d.r.c.RepositoryConfigurationDelegate - Finished Spring Data repository scanning in 16 ms. Found 0 Redis repository interfaces.
2024-11-12 21:22:26 [main] INFO  o.s.b.w.e.tomcat.TomcatWebServer - Tomcat initialized with port 9495 (http)
2024-11-12 21:22:26 [main] INFO  o.a.catalina.core.StandardService - Starting service [Tomcat]
2024-11-12 21:22:26 [main] INFO  o.a.catalina.core.StandardEngine - Starting Servlet engine: [Apache Tomcat/10.1.25]
2024-11-12 21:22:27 [main] INFO  o.a.c.c.C.[Tomcat].[localhost].[/] - Initializing Spring embedded WebApplicationContext
2024-11-12 21:22:27 [main] INFO  o.s.b.w.s.c.ServletWebServerApplicationContext - Root WebApplicationContext: initialization completed in 2984 ms
2024-11-12 21:22:27 [main] INFO  o.h.jpa.internal.util.LogHelper - HHH000204: Processing PersistenceUnitInfo [name: default]
2024-11-12 21:22:27 [main] INFO  org.hibernate.Version - HHH000412: Hibernate ORM core version 6.5.2.Final
2024-11-12 21:22:27 [main] INFO  o.h.c.i.RegionFactoryInitiator - HHH000026: Second-level cache disabled
2024-11-12 21:22:28 [main] INFO  o.s.o.j.p.SpringPersistenceUnitInfo - No LoadTimeWeaver setup: ignoring JPA class transformer
2024-11-12 21:22:28 [main] INFO  com.zaxxer.hikari.HikariDataSource - HikariPool-1 - Starting...
2024-11-12 21:22:28 [main] INFO  com.zaxxer.hikari.pool.HikariPool - HikariPool-1 - Added connection org.postgresql.jdbc.PgConnection@7d90644f
2024-11-12 21:22:28 [main] INFO  com.zaxxer.hikari.HikariDataSource - HikariPool-1 - Start completed.
2024-11-12 21:22:29 [main] WARN  org.hibernate.orm.deprecation - HHH90000025: PostgreSQLDialect does not need to be specified explicitly using 'hibernate.dialect' (remove the property setting and it will be selected by default)
2024-11-12 21:22:30 [main] INFO  o.h.e.t.j.p.i.JtaPlatformInitiator - HHH000489: No JTA platform available (set 'hibernate.transaction.jta.platform' to enable JTA platform integration)
2024-11-12 21:22:31 [main] INFO  o.s.o.j.LocalContainerEntityManagerFactoryBean - Initialized JPA EntityManagerFactory for persistence unit 'default'
2024-11-12 21:22:31 [main] WARN  o.s.b.a.o.j.JpaBaseConfiguration$JpaWebConfiguration - spring.jpa.open-in-view is enabled by default. Therefore, database queries may be performed during view rendering. Explicitly configure spring.jpa.open-in-view to disable this warning
2024-11-12 21:22:33 [main] INFO  o.s.b.w.e.tomcat.TomcatWebServer - Tomcat started on port 9495 (http) with context path '/'
2024-11-12 21:22:33 [main] INFO  c.e.employee.EmployeeApplication - Started EmployeeApplication in 10.309 seconds (process running for 11.004)
2024-11-13 20:55:34 [Test worker] INFO  c.e.e.EmployeeApplicationTests - Starting EmployeeApplicationTests using Java 21.0.3 with PID 9564 (started by vishal.yadav in D:\Scst-workflow-codebase\EmployeeCRUD_operation\employee)
2024-11-13 20:55:34 [Test worker] INFO  c.e.e.EmployeeApplicationTests - No active profile set, falling back to 1 default profile: "default"
2024-11-13 20:55:36 [Test worker] INFO  o.s.d.r.c.RepositoryConfigurationDelegate - Multiple Spring Data modules found, entering strict repository configuration mode
2024-11-13 20:55:36 [Test worker] INFO  o.s.d.r.c.RepositoryConfigurationDelegate - Bootstrapping Spring Data JPA repositories in DEFAULT mode.
2024-11-13 20:55:36 [Test worker] INFO  o.s.d.r.c.RepositoryConfigurationDelegate - Finished Spring Data repository scanning in 306 ms. Found 1 JPA repository interface.
2024-11-13 20:55:36 [Test worker] INFO  o.s.d.r.c.RepositoryConfigurationDelegate - Multiple Spring Data modules found, entering strict repository configuration mode
2024-11-13 20:55:36 [Test worker] INFO  o.s.d.r.c.RepositoryConfigurationDelegate - Bootstrapping Spring Data Redis repositories in DEFAULT mode.
2024-11-13 20:55:36 [Test worker] INFO  o.s.d.r.c.RepositoryConfigurationExtensionSupport - Spring Data Redis - Could not safely identify store assignment for repository candidate interface com.example.employee.repositiory.EmployeeRepositiory; If you want this repository to be a Redis repository, consider annotating your entities with one of these annotations: org.springframework.data.redis.core.RedisHash (preferred), or consider extending one of the following types with your repository: org.springframework.data.keyvalue.repository.KeyValueRepository
2024-11-13 20:55:36 [Test worker] INFO  o.s.d.r.c.RepositoryConfigurationDelegate - Finished Spring Data repository scanning in 11 ms. Found 0 Redis repository interfaces.
2024-11-13 20:55:37 [Test worker] INFO  o.h.jpa.internal.util.LogHelper - HHH000204: Processing PersistenceUnitInfo [name: default]
2024-11-13 20:55:38 [Test worker] INFO  org.hibernate.Version - HHH000412: Hibernate ORM core version 6.5.2.Final
2024-11-13 20:55:38 [Test worker] INFO  o.h.c.i.RegionFactoryInitiator - HHH000026: Second-level cache disabled
2024-11-13 20:55:39 [Test worker] INFO  o.s.o.j.p.SpringPersistenceUnitInfo - No LoadTimeWeaver setup: ignoring JPA class transformer
2024-11-13 20:55:39 [Test worker] INFO  com.zaxxer.hikari.HikariDataSource - HikariPool-1 - Starting...
2024-11-13 20:55:39 [Test worker] INFO  com.zaxxer.hikari.pool.HikariPool - HikariPool-1 - Added connection org.postgresql.jdbc.PgConnection@178dc733
2024-11-13 20:55:39 [Test worker] INFO  com.zaxxer.hikari.HikariDataSource - HikariPool-1 - Start completed.
2024-11-13 20:55:39 [Test worker] WARN  org.hibernate.orm.deprecation - HHH90000025: PostgreSQLDialect does not need to be specified explicitly using 'hibernate.dialect' (remove the property setting and it will be selected by default)
2024-11-13 20:55:41 [Test worker] INFO  o.h.e.t.j.p.i.JtaPlatformInitiator - HHH000489: No JTA platform available (set 'hibernate.transaction.jta.platform' to enable JTA platform integration)
2024-11-13 20:55:41 [Test worker] INFO  o.s.o.j.LocalContainerEntityManagerFactoryBean - Initialized JPA EntityManagerFactory for persistence unit 'default'
2024-11-13 20:55:42 [Test worker] WARN  o.s.b.a.o.j.JpaBaseConfiguration$JpaWebConfiguration - spring.jpa.open-in-view is enabled by default. Therefore, database queries may be performed during view rendering. Explicitly configure spring.jpa.open-in-view to disable this warning
2024-11-13 20:55:45 [Test worker] INFO  c.e.e.EmployeeApplicationTests - Started EmployeeApplicationTests in 11.203 seconds (process running for 14.155)
2024-11-13 20:55:46 [Test worker] INFO  o.testcontainers.images.PullPolicy - Image pull policy will be performed by: DefaultPullPolicy()
2024-11-13 20:55:46 [Test worker] INFO  o.t.utility.ImageNameSubstitutor - Image name substitution will be performed by: DefaultImageNameSubstitutor (composite of 'ConfigurationFileImageNameSubstitutor' and 'PrefixingImageNameSubstitutor')
2024-11-13 20:55:46 [Test worker] INFO  o.testcontainers.DockerClientFactory - Testcontainers version: 1.20.2
2024-11-13 20:55:47 [Test worker] INFO  o.t.d.DockerClientProviderStrategy - Found Docker environment with local Npipe socket (npipe:////./pipe/docker_engine)
2024-11-13 20:55:47 [Test worker] INFO  o.testcontainers.DockerClientFactory - Docker host IP address is localhost
2024-11-13 20:55:47 [Test worker] INFO  o.testcontainers.DockerClientFactory - Connected to docker: 
  Server Version: 24.0.2
  API Version: 1.43
  Operating System: Docker Desktop
  Total Memory: 12595 MB
2024-11-13 20:55:47 [Test worker] INFO  tc.testcontainers/ryuk:0.9.0 - Pulling docker image: testcontainers/ryuk:0.9.0. Please be patient; this may take some time but only needs to be done once.
2024-11-13 20:55:54 [docker-java-stream--1190996920] INFO  tc.testcontainers/ryuk:0.9.0 - Starting to pull image
2024-11-13 20:55:54 [docker-java-stream--1190996920] INFO  tc.testcontainers/ryuk:0.9.0 - Pulling image layers:  0 pending,  0 downloaded,  0 extracted, (0 bytes/0 bytes)
2024-11-13 20:56:02 [docker-java-stream--1190996920] INFO  tc.testcontainers/ryuk:0.9.0 - Pulling image layers:  2 pending,  1 downloaded,  0 extracted, (2 MB/? MB)
2024-11-13 20:56:06 [docker-java-stream--1190996920] INFO  tc.testcontainers/ryuk:0.9.0 - Pulling image layers:  1 pending,  2 downloaded,  0 extracted, (5 MB/? MB)
2024-11-13 20:56:07 [docker-java-stream--1190996920] INFO  tc.testcontainers/ryuk:0.9.0 - Pulling image layers:  1 pending,  2 downloaded,  1 extracted, (5 MB/? MB)
2024-11-13 20:56:07 [docker-java-stream--1190996920] INFO  tc.testcontainers/ryuk:0.9.0 - Pulling image layers:  1 pending,  2 downloaded,  2 extracted, (5 MB/? MB)
2024-11-13 20:56:21 [docker-java-stream--1190996920] INFO  tc.testcontainers/ryuk:0.9.0 - Pulling image layers:  0 pending,  3 downloaded,  2 extracted, (11 MB/11 MB)
2024-11-13 20:56:21 [docker-java-stream--1190996920] INFO  tc.testcontainers/ryuk:0.9.0 - Pulling image layers:  0 pending,  3 downloaded,  3 extracted, (11 MB/11 MB)
2024-11-13 20:56:21 [Test worker] INFO  tc.testcontainers/ryuk:0.9.0 - Image testcontainers/ryuk:0.9.0 pull took PT33.8390138S
2024-11-13 20:56:21 [docker-java-stream--1190996920] INFO  tc.testcontainers/ryuk:0.9.0 - Pull complete. 3 layers, pulled in 26s (downloaded 11 MB at 439 KB/s)
2024-11-13 20:56:21 [Test worker] INFO  tc.testcontainers/ryuk:0.9.0 - Creating container for image: testcontainers/ryuk:0.9.0
2024-11-13 20:56:21 [Test worker] INFO  tc.testcontainers/ryuk:0.9.0 - Container testcontainers/ryuk:0.9.0 is starting: 9c2b4fa22d391ea259a798ab46877f59eb8a80db1c00588dadef42695874a5a8
2024-11-13 20:56:22 [Test worker] INFO  tc.testcontainers/ryuk:0.9.0 - Container testcontainers/ryuk:0.9.0 started in PT1.3902943S
2024-11-13 20:56:22 [Test worker] INFO  o.t.utility.RyukResourceReaper - Ryuk started - will monitor and terminate Testcontainers containers on JVM exit
2024-11-13 20:56:22 [Test worker] INFO  o.testcontainers.DockerClientFactory - Checking the system...
2024-11-13 20:56:22 [Test worker] INFO  o.testcontainers.DockerClientFactory - ✔︎ Docker server version should be at least 1.6.0
2024-11-13 20:56:22 [Test worker] INFO  tc.sonarqube:community - Pulling docker image: sonarqube:community. Please be patient; this may take some time but only needs to be done once.
2024-11-13 20:56:27 [docker-java-stream-1511789228] INFO  tc.sonarqube:community - Starting to pull image
2024-11-13 20:56:27 [docker-java-stream-1511789228] INFO  tc.sonarqube:community - Pulling image layers:  0 pending,  0 downloaded,  0 extracted, (0 bytes/0 bytes)
2024-11-13 20:59:39 [docker-java-stream-1511789228] INFO  tc.sonarqube:community - Pulling image layers:  7 pending,  1 downloaded,  0 extracted, (63 MB/? MB)
2024-11-13 20:59:43 [docker-java-stream-1511789228] INFO  tc.sonarqube:community - Pulling image layers:  6 pending,  2 downloaded,  0 extracted, (65 MB/? MB)
2024-11-13 20:59:46 [docker-java-stream-1511789228] INFO  tc.sonarqube:community - Pulling image layers:  5 pending,  3 downloaded,  0 extracted, (67 MB/? MB)
2024-11-13 21:00:44 [testcontainers-pull-watchdog-1] ERROR tc.sonarqube:community - Docker image pull has not made progress in 30s - aborting pull
2024-11-13 21:00:44 [docker-java-stream-1511789228] INFO  tc.sonarqube:community - Pull complete. 8 layers, pulled in 257s (downloaded 95 MB at 379 KB/s)
2024-11-13 21:00:44 [Test worker] WARN  tc.sonarqube:community - Retrying pull for image: sonarqube:community (-143s remaining)
2024-11-13 21:00:45 [Test worker] INFO  tc.sonarqube:community - Pulling docker image: sonarqube:community. Please be patient; this may take some time but only needs to be done once.
2024-11-13 21:00:45 [docker-java-stream-1511789228] ERROR c.g.d.a.async.ResultCallbackTemplate - Error during callback
com.github.dockerjava.api.exception.InternalServerErrorException: Status 500: {"message":"Get \"https://registry-1.docker.io/v2/\": dialing registry-1.docker.io:443 with direct connection: resolving host registry-1.docker.io: lookup registry-1.docker.io: no such host"}

	at org.testcontainers.shaded.com.github.dockerjava.core.DefaultInvocationBuilder.execute(DefaultInvocationBuilder.java:247)
	at org.testcontainers.shaded.com.github.dockerjava.core.DefaultInvocationBuilder.lambda$executeAndStream$1(DefaultInvocationBuilder.java:269)
	at java.base/java.lang.Thread.run(Thread.java:1583)
2024-11-13 21:00:45 [Test worker] WARN  tc.sonarqube:community - Retrying pull for image: sonarqube:community (119s remaining)
2024-11-13 21:00:45 [docker-java-stream-1511789228] ERROR c.g.d.a.async.ResultCallbackTemplate - Error during callback
com.github.dockerjava.api.exception.InternalServerErrorException: Status 500: {"message":"Get \"https://registry-1.docker.io/v2/\": dialing registry-1.docker.io:443 with direct connection: resolving host registry-1.docker.io: lookup registry-1.docker.io: no such host"}

	at org.testcontainers.shaded.com.github.dockerjava.core.DefaultInvocationBuilder.execute(DefaultInvocationBuilder.java:247)
	at org.testcontainers.shaded.com.github.dockerjava.core.DefaultInvocationBuilder.lambda$executeAndStream$1(DefaultInvocationBuilder.java:269)
	at java.base/java.lang.Thread.run(Thread.java:1583)
2024-11-13 21:00:45 [Test worker] WARN  tc.sonarqube:community - Retrying pull for image: sonarqube:community (119s remaining)
2024-11-13 21:00:45 [docker-java-stream-1511789228] ERROR c.g.d.a.async.ResultCallbackTemplate - Error during callback
com.github.dockerjava.api.exception.InternalServerErrorException: Status 500: {"message":"Get \"https://registry-1.docker.io/v2/\": dialing registry-1.docker.io:443 with direct connection: resolving host registry-1.docker.io: lookup registry-1.docker.io: no such host"}

	at org.testcontainers.shaded.com.github.dockerjava.core.DefaultInvocationBuilder.execute(DefaultInvocationBuilder.java:247)
	at org.testcontainers.shaded.com.github.dockerjava.core.DefaultInvocationBuilder.lambda$executeAndStream$1(DefaultInvocationBuilder.java:269)
	at java.base/java.lang.Thread.run(Thread.java:1583)
2024-11-13 21:00:45 [Test worker] WARN  tc.sonarqube:community - Retrying pull for image: sonarqube:community (119s remaining)
2024-11-13 21:00:45 [docker-java-stream-1511789228] ERROR c.g.d.a.async.ResultCallbackTemplate - Error during callback
com.github.dockerjava.api.exception.InternalServerErrorException: Status 500: {"message":"Get \"https://registry-1.docker.io/v2/\": dialing registry-1.docker.io:443 with direct connection: resolving host registry-1.docker.io: lookup registry-1.docker.io: no such host"}

	at org.testcontainers.shaded.com.github.dockerjava.core.DefaultInvocationBuilder.execute(DefaultInvocationBuilder.java:247)
	at org.testcontainers.shaded.com.github.dockerjava.core.DefaultInvocationBuilder.lambda$executeAndStream$1(DefaultInvocationBuilder.java:269)
	at java.base/java.lang.Thread.run(Thread.java:1583)
2024-11-13 21:00:45 [Test worker] WARN  tc.sonarqube:community - Retrying pull for image: sonarqube:community (119s remaining)
2024-11-13 21:00:46 [docker-java-stream-1511789228] ERROR c.g.d.a.async.ResultCallbackTemplate - Error during callback
com.github.dockerjava.api.exception.InternalServerErrorException: Status 500: {"message":"Get \"https://registry-1.docker.io/v2/\": dialing registry-1.docker.io:443 with direct connection: resolving host registry-1.docker.io: lookup registry-1.docker.io: no such host"}

	at org.testcontainers.shaded.com.github.dockerjava.core.DefaultInvocationBuilder.execute(DefaultInvocationBuilder.java:247)
	at org.testcontainers.shaded.com.github.dockerjava.core.DefaultInvocationBuilder.lambda$executeAndStream$1(DefaultInvocationBuilder.java:269)
	at java.base/java.lang.Thread.run(Thread.java:1583)
2024-11-13 21:00:46 [Test worker] WARN  tc.sonarqube:community - Retrying pull for image: sonarqube:community (118s remaining)
2024-11-13 21:00:48 [docker-java-stream-1511789228] ERROR c.g.d.a.async.ResultCallbackTemplate - Error during callback
com.github.dockerjava.api.exception.InternalServerErrorException: Status 500: {"message":"Get \"https://registry-1.docker.io/v2/\": dialing registry-1.docker.io:443 with direct connection: resolving host registry-1.docker.io: lookup registry-1.docker.io: no such host"}

	at org.testcontainers.shaded.com.github.dockerjava.core.DefaultInvocationBuilder.execute(DefaultInvocationBuilder.java:247)
	at org.testcontainers.shaded.com.github.dockerjava.core.DefaultInvocationBuilder.lambda$executeAndStream$1(DefaultInvocationBuilder.java:269)
	at java.base/java.lang.Thread.run(Thread.java:1583)
2024-11-13 21:00:48 [Test worker] WARN  tc.sonarqube:community - Retrying pull for image: sonarqube:community (116s remaining)
2024-11-13 21:00:51 [docker-java-stream-1511789228] ERROR c.g.d.a.async.ResultCallbackTemplate - Error during callback
com.github.dockerjava.api.exception.InternalServerErrorException: Status 500: {"message":"Get \"https://registry-1.docker.io/v2/\": dialing registry-1.docker.io:443 with direct connection: resolving host registry-1.docker.io: lookup registry-1.docker.io: no such host"}

	at org.testcontainers.shaded.com.github.dockerjava.core.DefaultInvocationBuilder.execute(DefaultInvocationBuilder.java:247)
	at org.testcontainers.shaded.com.github.dockerjava.core.DefaultInvocationBuilder.lambda$executeAndStream$1(DefaultInvocationBuilder.java:269)
	at java.base/java.lang.Thread.run(Thread.java:1583)
2024-11-13 21:00:51 [Test worker] WARN  tc.sonarqube:community - Retrying pull for image: sonarqube:community (113s remaining)
2024-11-13 21:00:58 [docker-java-stream-1511789228] ERROR c.g.d.a.async.ResultCallbackTemplate - Error during callback
com.github.dockerjava.api.exception.InternalServerErrorException: Status 500: {"message":"Get \"https://registry-1.docker.io/v2/\": dialing registry-1.docker.io:443 with direct connection: resolving host registry-1.docker.io: lookup registry-1.docker.io: no such host"}

	at org.testcontainers.shaded.com.github.dockerjava.core.DefaultInvocationBuilder.execute(DefaultInvocationBuilder.java:247)
	at org.testcontainers.shaded.com.github.dockerjava.core.DefaultInvocationBuilder.lambda$executeAndStream$1(DefaultInvocationBuilder.java:269)
	at java.base/java.lang.Thread.run(Thread.java:1583)
2024-11-13 21:00:58 [Test worker] WARN  tc.sonarqube:community - Retrying pull for image: sonarqube:community (106s remaining)
2024-11-13 21:01:10 [docker-java-stream-1511789228] ERROR c.g.d.a.async.ResultCallbackTemplate - Error during callback
com.github.dockerjava.api.exception.InternalServerErrorException: Status 500: {"message":"Get \"https://registry-1.docker.io/v2/\": dialing registry-1.docker.io:443 with direct connection: resolving host registry-1.docker.io: lookup registry-1.docker.io: no such host"}

	at org.testcontainers.shaded.com.github.dockerjava.core.DefaultInvocationBuilder.execute(DefaultInvocationBuilder.java:247)
	at org.testcontainers.shaded.com.github.dockerjava.core.DefaultInvocationBuilder.lambda$executeAndStream$1(DefaultInvocationBuilder.java:269)
	at java.base/java.lang.Thread.run(Thread.java:1583)
2024-11-13 21:01:10 [Test worker] WARN  tc.sonarqube:community - Retrying pull for image: sonarqube:community (94s remaining)
2024-11-13 21:01:43 [docker-java-stream-1511789228] INFO  tc.sonarqube:community - Starting to pull image
2024-11-13 21:01:43 [docker-java-stream-1511789228] INFO  tc.sonarqube:community - Pulling image layers:  0 pending,  0 downloaded,  0 extracted, (0 bytes/0 bytes)
2024-11-13 21:01:43 [docker-java-stream-1511789228] INFO  tc.sonarqube:community - Pulling image layers:  7 pending,  1 downloaded,  0 extracted, (0 bytes/? MB)
2024-11-13 21:01:43 [docker-java-stream-1511789228] INFO  tc.sonarqube:community - Pulling image layers:  6 pending,  2 downloaded,  0 extracted, (14 MB/? MB)
2024-11-13 21:01:43 [docker-java-stream-1511789228] INFO  tc.sonarqube:community - Pulling image layers:  5 pending,  3 downloaded,  0 extracted, (14 MB/? MB)
2024-11-13 21:01:43 [docker-java-stream-1511789228] INFO  tc.sonarqube:community - Pulling image layers:  4 pending,  4 downloaded,  0 extracted, (14 MB/? MB)
2024-11-13 21:01:43 [docker-java-stream-1511789228] INFO  tc.sonarqube:community - Pulling image layers:  3 pending,  5 downloaded,  0 extracted, (27 MB/? MB)
2024-11-13 21:01:44 [docker-java-stream-1511789228] INFO  tc.sonarqube:community - Pulling image layers:  3 pending,  5 downloaded,  1 extracted, (28 MB/? MB)
2024-11-13 21:01:46 [docker-java-stream-1511789228] INFO  tc.sonarqube:community - Pulling image layers:  3 pending,  5 downloaded,  2 extracted, (73 MB/? MB)
2024-11-13 21:01:46 [docker-java-stream-1511789228] INFO  tc.sonarqube:community - Pulling image layers:  3 pending,  5 downloaded,  3 extracted, (73 MB/? MB)
2024-11-13 21:01:46 [docker-java-stream-1511789228] INFO  tc.sonarqube:community - Pulling image layers:  3 pending,  5 downloaded,  4 extracted, (73 MB/? MB)
2024-11-13 21:08:20 [testcontainers-pull-watchdog-2] ERROR tc.sonarqube:community - Docker image pull has not made progress in 30s - aborting pull
2024-11-13 21:08:20 [docker-java-stream-1511789228] INFO  tc.sonarqube:community - Pull complete. 8 layers, pulled in 396s (downloaded 158 MB at 410 KB/s)
2024-11-13 21:08:20 [Test worker] WARN  tc.sonarqube:community - Retrying pull for image: sonarqube:community (-335s remaining)
2024-11-13 21:09:00 [Test worker] INFO  c.e.e.EmployeeApplicationTests - Starting EmployeeApplicationTests using Java 21.0.3 with PID 19848 (started by vishal.yadav in D:\Scst-workflow-codebase\EmployeeCRUD_operation\employee)
2024-11-13 21:09:00 [Test worker] INFO  c.e.e.EmployeeApplicationTests - No active profile set, falling back to 1 default profile: "default"
2024-11-13 21:09:01 [Test worker] INFO  o.s.d.r.c.RepositoryConfigurationDelegate - Multiple Spring Data modules found, entering strict repository configuration mode
2024-11-13 21:09:01 [Test worker] INFO  o.s.d.r.c.RepositoryConfigurationDelegate - Bootstrapping Spring Data JPA repositories in DEFAULT mode.
2024-11-13 21:09:01 [Test worker] INFO  o.s.d.r.c.RepositoryConfigurationDelegate - Finished Spring Data repository scanning in 172 ms. Found 1 JPA repository interface.
2024-11-13 21:09:01 [Test worker] INFO  o.s.d.r.c.RepositoryConfigurationDelegate - Multiple Spring Data modules found, entering strict repository configuration mode
2024-11-13 21:09:01 [Test worker] INFO  o.s.d.r.c.RepositoryConfigurationDelegate - Bootstrapping Spring Data Redis repositories in DEFAULT mode.
2024-11-13 21:09:01 [Test worker] INFO  o.s.d.r.c.RepositoryConfigurationExtensionSupport - Spring Data Redis - Could not safely identify store assignment for repository candidate interface com.example.employee.repositiory.EmployeeRepositiory; If you want this repository to be a Redis repository, consider annotating your entities with one of these annotations: org.springframework.data.redis.core.RedisHash (preferred), or consider extending one of the following types with your repository: org.springframework.data.keyvalue.repository.KeyValueRepository
2024-11-13 21:09:01 [Test worker] INFO  o.s.d.r.c.RepositoryConfigurationDelegate - Finished Spring Data repository scanning in 9 ms. Found 0 Redis repository interfaces.
2024-11-13 21:09:02 [Test worker] INFO  o.h.jpa.internal.util.LogHelper - HHH000204: Processing PersistenceUnitInfo [name: default]
2024-11-13 21:09:02 [Test worker] INFO  org.hibernate.Version - HHH000412: Hibernate ORM core version 6.5.2.Final
2024-11-13 21:09:02 [Test worker] INFO  o.h.c.i.RegionFactoryInitiator - HHH000026: Second-level cache disabled
2024-11-13 21:09:03 [Test worker] INFO  o.s.o.j.p.SpringPersistenceUnitInfo - No LoadTimeWeaver setup: ignoring JPA class transformer
2024-11-13 21:09:03 [Test worker] INFO  com.zaxxer.hikari.HikariDataSource - HikariPool-1 - Starting...
2024-11-13 21:09:03 [Test worker] INFO  com.zaxxer.hikari.pool.HikariPool - HikariPool-1 - Added connection org.postgresql.jdbc.PgConnection@6fdc2db6
2024-11-13 21:09:03 [Test worker] INFO  com.zaxxer.hikari.HikariDataSource - HikariPool-1 - Start completed.
2024-11-13 21:09:03 [Test worker] WARN  org.hibernate.orm.deprecation - HHH90000025: PostgreSQLDialect does not need to be specified explicitly using 'hibernate.dialect' (remove the property setting and it will be selected by default)
2024-11-13 21:09:05 [Test worker] INFO  o.h.e.t.j.p.i.JtaPlatformInitiator - HHH000489: No JTA platform available (set 'hibernate.transaction.jta.platform' to enable JTA platform integration)
2024-11-13 21:09:05 [Test worker] INFO  o.s.o.j.LocalContainerEntityManagerFactoryBean - Initialized JPA EntityManagerFactory for persistence unit 'default'
2024-11-13 21:09:05 [Test worker] WARN  o.s.b.a.o.j.JpaBaseConfiguration$JpaWebConfiguration - spring.jpa.open-in-view is enabled by default. Therefore, database queries may be performed during view rendering. Explicitly configure spring.jpa.open-in-view to disable this warning
2024-11-13 21:09:07 [Test worker] INFO  c.e.e.EmployeeApplicationTests - Started EmployeeApplicationTests in 7.689 seconds (process running for 9.961)
2024-11-13 21:09:08 [Test worker] INFO  o.testcontainers.images.PullPolicy - Image pull policy will be performed by: DefaultPullPolicy()
2024-11-13 21:09:08 [Test worker] INFO  o.t.utility.ImageNameSubstitutor - Image name substitution will be performed by: DefaultImageNameSubstitutor (composite of 'ConfigurationFileImageNameSubstitutor' and 'PrefixingImageNameSubstitutor')
2024-11-13 21:09:08 [Test worker] INFO  o.testcontainers.DockerClientFactory - Testcontainers version: 1.20.2
2024-11-13 21:09:08 [Test worker] INFO  o.t.d.DockerClientProviderStrategy - Loaded org.testcontainers.dockerclient.NpipeSocketClientProviderStrategy from ~/.testcontainers.properties, will try it first
2024-11-13 21:09:09 [Test worker] INFO  o.t.d.DockerClientProviderStrategy - Found Docker environment with local Npipe socket (npipe:////./pipe/docker_engine)
2024-11-13 21:09:09 [Test worker] INFO  o.testcontainers.DockerClientFactory - Docker host IP address is localhost
2024-11-13 21:09:09 [Test worker] INFO  o.testcontainers.DockerClientFactory - Connected to docker: 
  Server Version: 24.0.2
  API Version: 1.43
  Operating System: Docker Desktop
  Total Memory: 12595 MB
2024-11-13 21:09:09 [Test worker] INFO  tc.testcontainers/ryuk:0.9.0 - Creating container for image: testcontainers/ryuk:0.9.0
2024-11-13 21:09:11 [Test worker] INFO  tc.testcontainers/ryuk:0.9.0 - Container testcontainers/ryuk:0.9.0 is starting: eb19c99c61d44f2d345b80afacceddaa4b8a3e86f7d7dcfa1b6aa01f20b63f61
2024-11-13 21:09:12 [Test worker] INFO  tc.testcontainers/ryuk:0.9.0 - Container testcontainers/ryuk:0.9.0 started in PT3.4765961S
2024-11-13 21:09:12 [Test worker] INFO  o.t.utility.RyukResourceReaper - Ryuk started - will monitor and terminate Testcontainers containers on JVM exit
2024-11-13 21:09:12 [Test worker] INFO  o.testcontainers.DockerClientFactory - Checking the system...
2024-11-13 21:09:12 [Test worker] INFO  o.testcontainers.DockerClientFactory - ✔︎ Docker server version should be at least 1.6.0
2024-11-13 21:09:12 [Test worker] INFO  tc.sonarqube:community - Pulling docker image: sonarqube:community. Please be patient; this may take some time but only needs to be done once.
2024-11-13 21:09:12 [docker-java-stream-1511789228] ERROR c.g.d.a.async.ResultCallbackTemplate - Error during callback
com.github.dockerjava.api.exception.InternalServerErrorException: Status 500: {"message":"Get \"https://registry-1.docker.io/v2/\": dialing registry-1.docker.io:443 with direct connection: resolving host registry-1.docker.io: lookup registry-1.docker.io: no such host"}

	at org.testcontainers.shaded.com.github.dockerjava.core.DefaultInvocationBuilder.execute(DefaultInvocationBuilder.java:247)
	at org.testcontainers.shaded.com.github.dockerjava.core.DefaultInvocationBuilder.lambda$executeAndStream$1(DefaultInvocationBuilder.java:269)
	at java.base/java.lang.Thread.run(Thread.java:1583)
2024-11-13 21:09:12 [Test worker] WARN  tc.sonarqube:community - Retrying pull for image: sonarqube:community (119s remaining)
2024-11-13 21:09:12 [docker-java-stream-1511789228] ERROR c.g.d.a.async.ResultCallbackTemplate - Error during callback
com.github.dockerjava.api.exception.InternalServerErrorException: Status 500: {"message":"Get \"https://registry-1.docker.io/v2/\": dialing registry-1.docker.io:443 with direct connection: resolving host registry-1.docker.io: lookup registry-1.docker.io: no such host"}

	at org.testcontainers.shaded.com.github.dockerjava.core.DefaultInvocationBuilder.execute(DefaultInvocationBuilder.java:247)
	at org.testcontainers.shaded.com.github.dockerjava.core.DefaultInvocationBuilder.lambda$executeAndStream$1(DefaultInvocationBuilder.java:269)
	at java.base/java.lang.Thread.run(Thread.java:1583)
2024-11-13 21:09:12 [Test worker] WARN  tc.sonarqube:community - Retrying pull for image: sonarqube:community (119s remaining)
2024-11-13 21:09:13 [docker-java-stream-1511789228] ERROR c.g.d.a.async.ResultCallbackTemplate - Error during callback
com.github.dockerjava.api.exception.InternalServerErrorException: Status 500: {"message":"Get \"https://registry-1.docker.io/v2/\": dialing registry-1.docker.io:443 with direct connection: resolving host registry-1.docker.io: lookup registry-1.docker.io: no such host"}

	at org.testcontainers.shaded.com.github.dockerjava.core.DefaultInvocationBuilder.execute(DefaultInvocationBuilder.java:247)
	at org.testcontainers.shaded.com.github.dockerjava.core.DefaultInvocationBuilder.lambda$executeAndStream$1(DefaultInvocationBuilder.java:269)
	at java.base/java.lang.Thread.run(Thread.java:1583)
2024-11-13 21:09:13 [Test worker] WARN  tc.sonarqube:community - Retrying pull for image: sonarqube:community (119s remaining)
2024-11-13 21:09:13 [docker-java-stream-1511789228] ERROR c.g.d.a.async.ResultCallbackTemplate - Error during callback
com.github.dockerjava.api.exception.InternalServerErrorException: Status 500: {"message":"Get \"https://registry-1.docker.io/v2/\": dialing registry-1.docker.io:443 with direct connection: resolving host registry-1.docker.io: lookup registry-1.docker.io: no such host"}

	at org.testcontainers.shaded.com.github.dockerjava.core.DefaultInvocationBuilder.execute(DefaultInvocationBuilder.java:247)
	at org.testcontainers.shaded.com.github.dockerjava.core.DefaultInvocationBuilder.lambda$executeAndStream$1(DefaultInvocationBuilder.java:269)
	at java.base/java.lang.Thread.run(Thread.java:1583)
2024-11-13 21:09:13 [Test worker] WARN  tc.sonarqube:community - Retrying pull for image: sonarqube:community (119s remaining)
2024-11-13 21:09:14 [docker-java-stream-1511789228] ERROR c.g.d.a.async.ResultCallbackTemplate - Error during callback
com.github.dockerjava.api.exception.InternalServerErrorException: Status 500: {"message":"Get \"https://registry-1.docker.io/v2/\": dialing registry-1.docker.io:443 with direct connection: resolving host registry-1.docker.io: lookup registry-1.docker.io: no such host"}

	at org.testcontainers.shaded.com.github.dockerjava.core.DefaultInvocationBuilder.execute(DefaultInvocationBuilder.java:247)
	at org.testcontainers.shaded.com.github.dockerjava.core.DefaultInvocationBuilder.lambda$executeAndStream$1(DefaultInvocationBuilder.java:269)
	at java.base/java.lang.Thread.run(Thread.java:1583)
2024-11-13 21:09:14 [Test worker] WARN  tc.sonarqube:community - Retrying pull for image: sonarqube:community (118s remaining)
2024-11-13 21:09:16 [docker-java-stream-1511789228] ERROR c.g.d.a.async.ResultCallbackTemplate - Error during callback
com.github.dockerjava.api.exception.InternalServerErrorException: Status 500: {"message":"Get \"https://registry-1.docker.io/v2/\": dialing registry-1.docker.io:443 with direct connection: resolving host registry-1.docker.io: lookup registry-1.docker.io: no such host"}

	at org.testcontainers.shaded.com.github.dockerjava.core.DefaultInvocationBuilder.execute(DefaultInvocationBuilder.java:247)
	at org.testcontainers.shaded.com.github.dockerjava.core.DefaultInvocationBuilder.lambda$executeAndStream$1(DefaultInvocationBuilder.java:269)
	at java.base/java.lang.Thread.run(Thread.java:1583)
2024-11-13 21:09:16 [Test worker] WARN  tc.sonarqube:community - Retrying pull for image: sonarqube:community (116s remaining)
2024-11-13 21:09:19 [docker-java-stream-1511789228] ERROR c.g.d.a.async.ResultCallbackTemplate - Error during callback
com.github.dockerjava.api.exception.InternalServerErrorException: Status 500: {"message":"Get \"https://registry-1.docker.io/v2/\": dialing registry-1.docker.io:443 with direct connection: resolving host registry-1.docker.io: lookup registry-1.docker.io: no such host"}

	at org.testcontainers.shaded.com.github.dockerjava.core.DefaultInvocationBuilder.execute(DefaultInvocationBuilder.java:247)
	at org.testcontainers.shaded.com.github.dockerjava.core.DefaultInvocationBuilder.lambda$executeAndStream$1(DefaultInvocationBuilder.java:269)
	at java.base/java.lang.Thread.run(Thread.java:1583)
2024-11-13 21:09:19 [Test worker] WARN  tc.sonarqube:community - Retrying pull for image: sonarqube:community (113s remaining)
2024-11-13 21:09:45 [Test worker] INFO  c.e.e.EmployeeApplicationTests - Starting EmployeeApplicationTests using Java 21.0.3 with PID 11224 (started by vishal.yadav in D:\Scst-workflow-codebase\EmployeeCRUD_operation\employee)
2024-11-13 21:09:45 [Test worker] INFO  c.e.e.EmployeeApplicationTests - No active profile set, falling back to 1 default profile: "default"
2024-11-13 21:09:47 [Test worker] INFO  o.s.d.r.c.RepositoryConfigurationDelegate - Multiple Spring Data modules found, entering strict repository configuration mode
2024-11-13 21:09:47 [Test worker] INFO  o.s.d.r.c.RepositoryConfigurationDelegate - Bootstrapping Spring Data JPA repositories in DEFAULT mode.
2024-11-13 21:09:48 [Test worker] INFO  o.s.d.r.c.RepositoryConfigurationDelegate - Finished Spring Data repository scanning in 273 ms. Found 1 JPA repository interface.
2024-11-13 21:09:48 [Test worker] INFO  o.s.d.r.c.RepositoryConfigurationDelegate - Multiple Spring Data modules found, entering strict repository configuration mode
2024-11-13 21:09:48 [Test worker] INFO  o.s.d.r.c.RepositoryConfigurationDelegate - Bootstrapping Spring Data Redis repositories in DEFAULT mode.
2024-11-13 21:09:48 [Test worker] INFO  o.s.d.r.c.RepositoryConfigurationExtensionSupport - Spring Data Redis - Could not safely identify store assignment for repository candidate interface com.example.employee.repositiory.EmployeeRepositiory; If you want this repository to be a Redis repository, consider annotating your entities with one of these annotations: org.springframework.data.redis.core.RedisHash (preferred), or consider extending one of the following types with your repository: org.springframework.data.keyvalue.repository.KeyValueRepository
2024-11-13 21:09:48 [Test worker] INFO  o.s.d.r.c.RepositoryConfigurationDelegate - Finished Spring Data repository scanning in 22 ms. Found 0 Redis repository interfaces.
2024-11-13 21:09:49 [Test worker] INFO  o.h.jpa.internal.util.LogHelper - HHH000204: Processing PersistenceUnitInfo [name: default]
2024-11-13 21:09:49 [Test worker] INFO  org.hibernate.Version - HHH000412: Hibernate ORM core version 6.5.2.Final
2024-11-13 21:09:49 [Test worker] INFO  o.h.c.i.RegionFactoryInitiator - HHH000026: Second-level cache disabled
2024-11-13 21:09:50 [Test worker] INFO  o.s.o.j.p.SpringPersistenceUnitInfo - No LoadTimeWeaver setup: ignoring JPA class transformer
2024-11-13 21:09:50 [Test worker] INFO  com.zaxxer.hikari.HikariDataSource - HikariPool-1 - Starting...
2024-11-13 21:09:50 [Test worker] INFO  com.zaxxer.hikari.pool.HikariPool - HikariPool-1 - Added connection org.postgresql.jdbc.PgConnection@178dc733
2024-11-13 21:09:50 [Test worker] INFO  com.zaxxer.hikari.HikariDataSource - HikariPool-1 - Start completed.
2024-11-13 21:09:50 [Test worker] WARN  org.hibernate.orm.deprecation - HHH90000025: PostgreSQLDialect does not need to be specified explicitly using 'hibernate.dialect' (remove the property setting and it will be selected by default)
2024-11-13 21:09:51 [Test worker] INFO  o.h.e.t.j.p.i.JtaPlatformInitiator - HHH000489: No JTA platform available (set 'hibernate.transaction.jta.platform' to enable JTA platform integration)
2024-11-13 21:09:52 [Test worker] INFO  o.s.o.j.LocalContainerEntityManagerFactoryBean - Initialized JPA EntityManagerFactory for persistence unit 'default'
2024-11-13 21:09:53 [Test worker] WARN  o.s.b.a.o.j.JpaBaseConfiguration$JpaWebConfiguration - spring.jpa.open-in-view is enabled by default. Therefore, database queries may be performed during view rendering. Explicitly configure spring.jpa.open-in-view to disable this warning
2024-11-13 21:09:55 [Test worker] INFO  c.e.e.EmployeeApplicationTests - Started EmployeeApplicationTests in 9.844 seconds (process running for 12.57)
2024-11-13 21:09:56 [Test worker] INFO  o.testcontainers.images.PullPolicy - Image pull policy will be performed by: DefaultPullPolicy()
2024-11-13 21:09:56 [Test worker] INFO  o.t.utility.ImageNameSubstitutor - Image name substitution will be performed by: DefaultImageNameSubstitutor (composite of 'ConfigurationFileImageNameSubstitutor' and 'PrefixingImageNameSubstitutor')
2024-11-13 21:09:56 [Test worker] INFO  o.testcontainers.DockerClientFactory - Testcontainers version: 1.20.2
2024-11-13 21:09:56 [Test worker] INFO  o.t.d.DockerClientProviderStrategy - Loaded org.testcontainers.dockerclient.NpipeSocketClientProviderStrategy from ~/.testcontainers.properties, will try it first
2024-11-13 21:09:57 [Test worker] INFO  o.t.d.DockerClientProviderStrategy - Found Docker environment with local Npipe socket (npipe:////./pipe/docker_engine)
2024-11-13 21:09:57 [Test worker] INFO  o.testcontainers.DockerClientFactory - Docker host IP address is localhost
2024-11-13 21:09:57 [Test worker] INFO  o.testcontainers.DockerClientFactory - Connected to docker: 
  Server Version: 24.0.2
  API Version: 1.43
  Operating System: Docker Desktop
  Total Memory: 12595 MB
2024-11-13 21:09:57 [Test worker] INFO  tc.testcontainers/ryuk:0.9.0 - Creating container for image: testcontainers/ryuk:0.9.0
2024-11-13 21:10:00 [Test worker] INFO  tc.testcontainers/ryuk:0.9.0 - Container testcontainers/ryuk:0.9.0 is starting: 78b6390a8020f62147e45264867ec77bf65ec0a83b7c9eac59383aa2dcda39fa
2024-11-13 21:10:01 [Test worker] INFO  tc.testcontainers/ryuk:0.9.0 - Container testcontainers/ryuk:0.9.0 started in PT4.1879366S
2024-11-13 21:10:01 [Test worker] INFO  o.t.utility.RyukResourceReaper - Ryuk started - will monitor and terminate Testcontainers containers on JVM exit
2024-11-13 21:10:01 [Test worker] INFO  o.testcontainers.DockerClientFactory - Checking the system...
2024-11-13 21:10:01 [Test worker] INFO  o.testcontainers.DockerClientFactory - ✔︎ Docker server version should be at least 1.6.0
2024-11-13 21:10:01 [Test worker] INFO  tc.sonarqube:community - Pulling docker image: sonarqube:community. Please be patient; this may take some time but only needs to be done once.
2024-11-13 21:10:07 [docker-java-stream-1511789228] INFO  tc.sonarqube:community - Starting to pull image
2024-11-13 21:10:07 [docker-java-stream-1511789228] INFO  tc.sonarqube:community - Pulling image layers:  0 pending,  0 downloaded,  0 extracted, (0 bytes/0 bytes)
2024-11-13 21:10:07 [docker-java-stream-1511789228] INFO  tc.sonarqube:community - Pulling image layers:  7 pending,  1 downloaded,  0 extracted, (0 bytes/? MB)
2024-11-13 21:10:07 [docker-java-stream-1511789228] INFO  tc.sonarqube:community - Pulling image layers:  6 pending,  2 downloaded,  0 extracted, (7 MB/? MB)
2024-11-13 21:13:20 [testcontainers-pull-watchdog-1] ERROR tc.sonarqube:community - Docker image pull has not made progress in 30s - aborting pull
2024-11-13 21:13:20 [Test worker] WARN  tc.sonarqube:community - Retrying pull for image: sonarqube:community (-79s remaining)
2024-11-13 21:13:20 [docker-java-stream-1511789228] INFO  tc.sonarqube:community - Pull complete. 8 layers, pulled in 192s (downloaded 123 MB at 660 KB/s)
2024-11-13 21:13:20 [Test worker] INFO  tc.sonarqube:community - Pulling docker image: sonarqube:community. Please be patient; this may take some time but only needs to be done once.
2024-11-13 21:13:34 [docker-java-stream-1511789228] INFO  tc.sonarqube:community - Starting to pull image
2024-11-13 21:13:34 [docker-java-stream-1511789228] INFO  tc.sonarqube:community - Pulling image layers:  0 pending,  0 downloaded,  0 extracted, (0 bytes/0 bytes)
2024-11-13 21:13:34 [docker-java-stream-1511789228] INFO  tc.sonarqube:community - Pulling image layers:  7 pending,  1 downloaded,  0 extracted, (0 bytes/? MB)
2024-11-13 21:13:34 [docker-java-stream-1511789228] INFO  tc.sonarqube:community - Pulling image layers:  6 pending,  2 downloaded,  0 extracted, (127 MB/? MB)
2024-11-13 21:18:44 [testcontainers-pull-watchdog-2] ERROR tc.sonarqube:community - Docker image pull has not made progress in 30s - aborting pull
2024-11-13 21:18:44 [Test worker] WARN  tc.sonarqube:community - Retrying pull for image: sonarqube:community (-204s remaining)
2024-11-13 21:18:44 [docker-java-stream-1511789228] INFO  tc.sonarqube:community - Pull complete. 8 layers, pulled in 309s (downloaded 253 MB at 839 KB/s)
2024-11-13 21:18:44 [SpringApplicationShutdownHook] INFO  o.s.o.j.LocalContainerEntityManagerFactoryBean - Closing JPA EntityManagerFactory for persistence unit 'default'
2024-11-13 21:18:44 [SpringApplicationShutdownHook] INFO  com.zaxxer.hikari.HikariDataSource - HikariPool-1 - Shutdown initiated...
2024-11-13 21:18:44 [SpringApplicationShutdownHook] INFO  com.zaxxer.hikari.HikariDataSource - HikariPool-1 - Shutdown completed.
2024-11-13 23:24:35 [Test worker] INFO  c.e.e.EmployeeApplicationTests - Starting EmployeeApplicationTests using Java 21.0.3 with PID 376 (started by vishal.yadav in D:\Scst-workflow-codebase\EmployeeCRUD_operation\employee)
2024-11-13 23:24:35 [Test worker] INFO  c.e.e.EmployeeApplicationTests - No active profile set, falling back to 1 default profile: "default"
2024-11-13 23:24:37 [Test worker] INFO  o.s.d.r.c.RepositoryConfigurationDelegate - Multiple Spring Data modules found, entering strict repository configuration mode
2024-11-13 23:24:37 [Test worker] INFO  o.s.d.r.c.RepositoryConfigurationDelegate - Bootstrapping Spring Data JPA repositories in DEFAULT mode.
2024-11-13 23:24:37 [Test worker] INFO  o.s.d.r.c.RepositoryConfigurationDelegate - Finished Spring Data repository scanning in 245 ms. Found 1 JPA repository interface.
2024-11-13 23:24:37 [Test worker] INFO  o.s.d.r.c.RepositoryConfigurationDelegate - Multiple Spring Data modules found, entering strict repository configuration mode
2024-11-13 23:24:37 [Test worker] INFO  o.s.d.r.c.RepositoryConfigurationDelegate - Bootstrapping Spring Data Redis repositories in DEFAULT mode.
2024-11-13 23:24:37 [Test worker] INFO  o.s.d.r.c.RepositoryConfigurationExtensionSupport - Spring Data Redis - Could not safely identify store assignment for repository candidate interface com.example.employee.repositiory.EmployeeRepositiory; If you want this repository to be a Redis repository, consider annotating your entities with one of these annotations: org.springframework.data.redis.core.RedisHash (preferred), or consider extending one of the following types with your repository: org.springframework.data.keyvalue.repository.KeyValueRepository
2024-11-13 23:24:37 [Test worker] INFO  o.s.d.r.c.RepositoryConfigurationDelegate - Finished Spring Data repository scanning in 9 ms. Found 0 Redis repository interfaces.
2024-11-13 23:24:38 [Test worker] INFO  o.h.jpa.internal.util.LogHelper - HHH000204: Processing PersistenceUnitInfo [name: default]
2024-11-13 23:24:39 [Test worker] INFO  org.hibernate.Version - HHH000412: Hibernate ORM core version 6.5.2.Final
2024-11-13 23:24:39 [Test worker] INFO  o.h.c.i.RegionFactoryInitiator - HHH000026: Second-level cache disabled
2024-11-13 23:24:39 [Test worker] INFO  o.s.o.j.p.SpringPersistenceUnitInfo - No LoadTimeWeaver setup: ignoring JPA class transformer
2024-11-13 23:24:39 [Test worker] INFO  com.zaxxer.hikari.HikariDataSource - HikariPool-1 - Starting...
2024-11-13 23:24:40 [Test worker] INFO  com.zaxxer.hikari.pool.HikariPool - HikariPool-1 - Added connection org.postgresql.jdbc.PgConnection@6b0ba697
2024-11-13 23:24:40 [Test worker] INFO  com.zaxxer.hikari.HikariDataSource - HikariPool-1 - Start completed.
2024-11-13 23:24:40 [Test worker] WARN  org.hibernate.orm.deprecation - HHH90000025: PostgreSQLDialect does not need to be specified explicitly using 'hibernate.dialect' (remove the property setting and it will be selected by default)
2024-11-13 23:24:42 [Test worker] INFO  o.h.e.t.j.p.i.JtaPlatformInitiator - HHH000489: No JTA platform available (set 'hibernate.transaction.jta.platform' to enable JTA platform integration)
2024-11-13 23:24:43 [Test worker] INFO  o.s.o.j.LocalContainerEntityManagerFactoryBean - Initialized JPA EntityManagerFactory for persistence unit 'default'
2024-11-13 23:24:44 [Test worker] WARN  o.s.b.a.o.j.JpaBaseConfiguration$JpaWebConfiguration - spring.jpa.open-in-view is enabled by default. Therefore, database queries may be performed during view rendering. Explicitly configure spring.jpa.open-in-view to disable this warning
2024-11-13 23:24:47 [Test worker] INFO  c.e.e.EmployeeApplicationTests - Started EmployeeApplicationTests in 12.191 seconds (process running for 15.64)
2024-11-13 23:24:49 [Test worker] INFO  o.testcontainers.images.PullPolicy - Image pull policy will be performed by: DefaultPullPolicy()
2024-11-13 23:24:49 [Test worker] INFO  o.t.utility.ImageNameSubstitutor - Image name substitution will be performed by: DefaultImageNameSubstitutor (composite of 'ConfigurationFileImageNameSubstitutor' and 'PrefixingImageNameSubstitutor')
2024-11-13 23:24:49 [Test worker] INFO  o.testcontainers.DockerClientFactory - Testcontainers version: 1.20.2
2024-11-13 23:24:49 [Test worker] INFO  o.t.d.DockerClientProviderStrategy - Loaded org.testcontainers.dockerclient.NpipeSocketClientProviderStrategy from ~/.testcontainers.properties, will try it first
2024-11-13 23:24:50 [Test worker] INFO  o.t.d.DockerClientProviderStrategy - Found Docker environment with local Npipe socket (npipe:////./pipe/docker_engine)
2024-11-13 23:24:50 [Test worker] INFO  o.testcontainers.DockerClientFactory - Docker host IP address is localhost
2024-11-13 23:24:50 [Test worker] INFO  o.testcontainers.DockerClientFactory - Connected to docker: 
  Server Version: 24.0.2
  API Version: 1.43
  Operating System: Docker Desktop
  Total Memory: 12595 MB
2024-11-13 23:24:50 [Test worker] INFO  tc.testcontainers/ryuk:0.9.0 - Creating container for image: testcontainers/ryuk:0.9.0
2024-11-13 23:24:56 [Test worker] INFO  tc.testcontainers/ryuk:0.9.0 - Container testcontainers/ryuk:0.9.0 is starting: 5273f4af07b5ae3939c85b85d14f25d0730896051b4eb985e8e27c2e8f7063f2
2024-11-13 23:24:57 [Test worker] INFO  tc.testcontainers/ryuk:0.9.0 - Container testcontainers/ryuk:0.9.0 started in PT6.821245S
2024-11-13 23:24:57 [Test worker] INFO  o.t.utility.RyukResourceReaper - Ryuk started - will monitor and terminate Testcontainers containers on JVM exit
2024-11-13 23:24:57 [Test worker] INFO  o.testcontainers.DockerClientFactory - Checking the system...
2024-11-13 23:24:57 [Test worker] INFO  o.testcontainers.DockerClientFactory - ✔︎ Docker server version should be at least 1.6.0
2024-11-13 23:24:57 [Test worker] INFO  tc.sonarqube:community - Pulling docker image: sonarqube:community. Please be patient; this may take some time but only needs to be done once.
2024-11-13 23:25:01 [docker-java-stream-1511789228] INFO  tc.sonarqube:community - Starting to pull image
2024-11-13 23:25:01 [docker-java-stream-1511789228] INFO  tc.sonarqube:community - Pulling image layers:  0 pending,  0 downloaded,  0 extracted, (0 bytes/0 bytes)
2024-11-13 23:26:05 [docker-java-stream-1511789228] INFO  tc.sonarqube:community - Pulling image layers:  7 pending,  1 downloaded,  0 extracted, (82 MB/? MB)
2024-11-13 23:26:07 [docker-java-stream-1511789228] INFO  tc.sonarqube:community - Pulling image layers:  7 pending,  1 downloaded,  1 extracted, (84 MB/? MB)
2024-11-13 23:26:09 [docker-java-stream-1511789228] INFO  tc.sonarqube:community - Pulling image layers:  6 pending,  2 downloaded,  1 extracted, (84 MB/? MB)
2024-11-13 23:26:10 [docker-java-stream-1511789228] INFO  tc.sonarqube:community - Pulling image layers:  5 pending,  3 downloaded,  1 extracted, (85 MB/? MB)
2024-11-13 23:26:11 [docker-java-stream-1511789228] INFO  tc.sonarqube:community - Pulling image layers:  4 pending,  4 downloaded,  1 extracted, (85 MB/? MB)
2024-11-13 23:26:11 [docker-java-stream-1511789228] INFO  tc.sonarqube:community - Pulling image layers:  4 pending,  4 downloaded,  2 extracted, (86 MB/? MB)
2024-11-13 23:26:13 [docker-java-stream-1511789228] INFO  tc.sonarqube:community - Pulling image layers:  3 pending,  5 downloaded,  2 extracted, (88 MB/? MB)
2024-11-13 23:26:15 [docker-java-stream-1511789228] INFO  tc.sonarqube:community - Pulling image layers:  2 pending,  6 downloaded,  2 extracted, (94 MB/? MB)
2024-11-13 23:26:15 [docker-java-stream-1511789228] INFO  tc.sonarqube:community - Pulling image layers:  1 pending,  7 downloaded,  2 extracted, (96 MB/? MB)
2024-11-13 23:26:17 [docker-java-stream-1511789228] INFO  tc.sonarqube:community - Pulling image layers:  1 pending,  7 downloaded,  3 extracted, (100 MB/? MB)
2024-11-13 23:26:17 [docker-java-stream-1511789228] INFO  tc.sonarqube:community - Pulling image layers:  1 pending,  7 downloaded,  4 extracted, (100 MB/? MB)
2024-11-13 23:26:17 [docker-java-stream-1511789228] INFO  tc.sonarqube:community - Pulling image layers:  1 pending,  7 downloaded,  5 extracted, (100 MB/? MB)
2024-11-13 23:27:48 [docker-java-stream-1511789228] INFO  tc.sonarqube:community - Pull complete. 8 layers, pulled in 166s (downloaded 816 MB at 4 MB/s)
2024-11-13 23:27:53 [docker-java-stream--119826515] INFO  tc.sonarqube:community - Starting to pull image
2024-11-13 23:27:53 [docker-java-stream--119826515] INFO  tc.sonarqube:community - Pulling image layers:  0 pending,  0 downloaded,  0 extracted, (0 bytes/0 bytes)
2024-11-13 23:28:31 [docker-java-stream--119826515] INFO  tc.sonarqube:community - Pulling image layers:  7 pending,  1 downloaded,  0 extracted, (88 MB/? MB)
2024-11-13 23:28:37 [docker-java-stream--119826515] INFO  tc.sonarqube:community - Pulling image layers:  6 pending,  2 downloaded,  0 extracted, (88 MB/? MB)
2024-11-13 23:28:38 [docker-java-stream--119826515] INFO  tc.sonarqube:community - Pulling image layers:  5 pending,  3 downloaded,  0 extracted, (88 MB/? MB)
2024-11-13 23:29:38 [docker-java-stream--119826515] INFO  tc.sonarqube:community - Pulling image layers:  4 pending,  4 downloaded,  0 extracted, (800 MB/? MB)
2024-11-13 23:29:38 [docker-java-stream--119826515] INFO  tc.sonarqube:community - Pulling image layers:  3 pending,  5 downloaded,  0 extracted, (800 MB/? MB)
2024-11-13 23:30:05 [docker-java-stream--119826515] INFO  tc.sonarqube:community - Pull complete. 8 layers, pulled in 131s (downloaded 816 MB at 6 MB/s)
2024-11-13 23:30:05 [Test worker] INFO  tc.sonarqube:community - Pulling docker image: sonarqube:community. Please be patient; this may take some time but only needs to be done once.
2024-11-13 23:30:11 [docker-java-stream-1511789228] INFO  tc.sonarqube:community - Starting to pull image
2024-11-13 23:30:11 [docker-java-stream-1511789228] INFO  tc.sonarqube:community - Pulling image layers:  0 pending,  0 downloaded,  0 extracted, (0 bytes/0 bytes)
2024-11-13 23:31:56 [docker-java-stream--119826515] INFO  tc.sonarqube:community - Starting to pull image
2024-11-13 23:31:56 [docker-java-stream--119826515] INFO  tc.sonarqube:community - Pulling image layers:  0 pending,  0 downloaded,  0 extracted, (0 bytes/0 bytes)
2024-11-13 23:32:59 [docker-java-stream--119826515] INFO  tc.sonarqube:community - Pulling image layers:  7 pending,  1 downloaded,  0 extracted, (88 MB/? MB)
2024-11-13 23:33:00 [docker-java-stream--119826515] INFO  tc.sonarqube:community - Pulling image layers:  6 pending,  2 downloaded,  0 extracted, (88 MB/? MB)
2024-11-13 23:33:01 [docker-java-stream--119826515] INFO  tc.sonarqube:community - Pulling image layers:  5 pending,  3 downloaded,  0 extracted, (88 MB/? MB)
2024-11-13 23:33:21 [docker-java-stream--119826515] INFO  tc.sonarqube:community - Pulling image layers:  4 pending,  4 downloaded,  0 extracted, (816 MB/? MB)
2024-11-13 23:33:21 [docker-java-stream--119826515] INFO  tc.sonarqube:community - Pulling image layers:  3 pending,  5 downloaded,  0 extracted, (816 MB/? MB)
2024-11-13 23:34:32 [docker-java-stream--119826515] INFO  tc.sonarqube:community - Pull complete. 8 layers, pulled in 155s (downloaded 816 MB at 5 MB/s)
2024-11-13 23:34:32 [SpringApplicationShutdownHook] INFO  o.s.o.j.LocalContainerEntityManagerFactoryBean - Closing JPA EntityManagerFactory for persistence unit 'default'
2024-11-13 23:34:32 [SpringApplicationShutdownHook] INFO  com.zaxxer.hikari.HikariDataSource - HikariPool-1 - Shutdown initiated...
2024-11-13 23:34:32 [SpringApplicationShutdownHook] INFO  com.zaxxer.hikari.HikariDataSource - HikariPool-1 - Shutdown completed.
